\BOOKMARK [0][]{chapter.0.1}{\376\377\0001\000\040\176\352\213\272}{}% 1
\BOOKMARK [1][]{section.0.1.1}{\376\377\0001\000.\0001\000\040\162\151\164\006\166\204\123\321\134\125}{chapter.0.1}% 2
\BOOKMARK [1][]{section.0.1.2}{\376\377\0001\000.\0002\000\040\217\321\163\260\116\343\162\151\164\006\166\204\170\024\172\166\145\271\124\021}{chapter.0.1}% 3
\BOOKMARK [1][]{section.0.1.3}{\376\377\0001\000.\0003\000\040\150\070\171\321\133\146\166\204\123\321\134\125}{chapter.0.1}% 4
\BOOKMARK [0][]{chapter.0.2}{\376\377\0002\000\040\123\237\133\120\150\070\166\204\176\304\142\020}{}% 5
\BOOKMARK [1][]{section.0.2.1}{\376\377\0002\000.\0001\000\040\123\206\172\013}{chapter.0.2}% 6
\BOOKMARK [1][]{section.0.2.2}{\376\377\0002\000.\0002\000\040\215\050\133\120\124\214\116\055\133\120\166\204\140\047\215\050\133\371\153\324}{chapter.0.2}% 7
\BOOKMARK [1][]{section.0.2.3}{\376\377\0002\000.\0003\000\040\116\232\150\070\133\120\201\352\165\061\136\246}{chapter.0.2}% 8
\BOOKMARK [1][]{section.0.2.4}{\376\377\0002\000.\0004\000\040\131\070\121\113}{chapter.0.2}% 9
\BOOKMARK [1][]{section.0.2.5}{\376\377\0002\000.\0005\000\040\131\070\121\113\171\201\225\355}{chapter.0.2}% 10
\BOOKMARK [1][]{section.0.2.6}{\376\377\0002\000.\0006\000\040\217\173\133\120}{chapter.0.2}% 11
\BOOKMARK [0][]{chapter.0.3}{\376\377\0003\000\040\123\237\133\120\150\070\166\204\227\131\140\001\140\047\215\050}{}% 12
\BOOKMARK [1][]{section.0.3.1}{\376\377\0003\000.\0001\000\040\123\237\133\120\150\070\166\204\165\065\203\167}{chapter.0.3}% 13
\BOOKMARK [1][]{section.0.3.2}{\376\377\0003\000.\0002\000\040\123\237\133\120\150\070\166\204\215\050\221\317}{chapter.0.3}% 14
\BOOKMARK [1][]{section.0.3.3}{\376\377\0003\000.\0003\000\040\123\237\133\120\150\070\166\204\123\112\137\204}{chapter.0.3}% 15
\BOOKMARK [1][]{section.0.3.4}{\376\377\0003\000.\0004\000\040\123\237\133\120\150\070\166\204\201\352\145\313}{chapter.0.3}% 16
\BOOKMARK [1][]{section.0.3.5}{\376\377\0003\000.\0005\000\040\123\237\133\120\150\070\166\204\170\301\167\351}{chapter.0.3}% 17
\BOOKMARK [1][]{section.0.3.6}{\376\377\0003\000.\0006\000\040\123\237\133\120\150\070\166\204\165\065\126\333\147\201\167\351}{chapter.0.3}% 18
\BOOKMARK [1][]{section.0.3.7}{\376\377\0003\000.\0007\000\040\123\237\133\120\150\070\166\204\133\207\171\360}{chapter.0.3}% 19
\BOOKMARK [1][]{section.0.3.8}{\376\377\0003\000.\0008\000\040\123\237\133\120\150\070\166\204\176\337\213\241\140\047\215\050}{chapter.0.3}% 20
\BOOKMARK [1][]{section.0.3.9}{\376\377\0003\000.\0009\000\040\123\237\133\120\150\070\166\204\124\014\117\115\145\313}{chapter.0.3}% 21
